<?xml version="1.0" encoding="UTF-8"?>
<!-- Generated by org.testng.reporters.JUnitXMLReporter -->
<testsuite hostname="Omers-MacBook-Pro.local" ignored="0" name="Hotels.com Regression Tests -- chrome" tests="4" failures="0" timestamp="2020-10-21T10:33:46 EDT" time="26.418" errors="0">
  <testcase name="verifyPageTitle" time="0.196" classname="com.qa.hotels.tests.HomePageTest"/>
  <testcase name="verifyPageTitle" time="0.009" classname="com.qa.hotels.tests.HiltonHotelsInCincinnatiTest"/>
  <testcase name="selectDestination" time="4.711" classname="com.qa.hotels.tests.HomePageTest"/>
  <testcase name="distance" time="4.56" classname="com.qa.hotels.tests.HiltonHotelsInCincinnatiTest"/>
</testsuite> <!-- Hotels.com Regression Tests - chrome -->
