<?xml version="1.0" encoding="UTF-8"?>
<!-- Generated by org.testng.reporters.JUnitXMLReporter -->
<testsuite hostname="Omers-MacBook-Pro.local" ignored="0" name="Hotels Smoke Tests" tests="2" failures="0" timestamp="2020-10-21T11:10:10 EDT" time="9.466" errors="0">
  <testcase name="verifyPageTitle" time="0.286" classname="com.qa.hotels.tests.HomePageTest"/>
  <testcase name="selectDestination" time="3.553" classname="com.qa.hotels.tests.HomePageTest"/>
</testsuite> <!-- Hotels Smoke Tests -->
