<?xml version="1.0" encoding="UTF-8"?>
<!-- Generated by org.testng.reporters.JUnitXMLReporter -->
<testsuite hostname="Omers-MacBook-Pro.local" ignored="0" name="Hotels Regression Tests -- chrome" tests="4" failures="0" timestamp="2020-10-21T12:18:15 EDT" time="25.827" errors="0">
  <testcase name="verifyPageTitle" time="0.507" classname="com.qa.hotels.tests.HomePageTest"/>
  <testcase name="verifyPageTitle" time="0.013" classname="com.qa.hotels.tests.HiltonHotelsInCincinnatiTest"/>
  <testcase name="selectDestination" time="5.093" classname="com.qa.hotels.tests.HomePageTest"/>
  <testcase name="hiltonHotelsWithThreeStars" time="5.465" classname="com.qa.hotels.tests.HiltonHotelsInCincinnatiTest"/>
</testsuite> <!-- Hotels Regression Tests - chrome -->
