<?xml version="1.0" encoding="UTF-8"?>
<!-- Generated by org.testng.reporters.JUnitXMLReporter -->
<testsuite hostname="Omers-MacBook-Pro.local" ignored="0" name="Hotels Regression Tests" tests="2" failures="0" timestamp="2020-10-21T12:27:02 EDT" time="26.621" errors="0">
  <testcase name="verifyPageTitle" time="0.389" classname="com.qa.hotels.tests.HomePageTest"/>
  <testcase name="selectDestination" time="20.727" classname="com.qa.hotels.tests.HomePageTest"/>
</testsuite> <!-- Hotels Regression Tests -->
