<?xml version="1.0" encoding="UTF-8"?>
<!-- Generated by org.testng.reporters.JUnitXMLReporter -->
<testsuite hostname="Omers-MacBook-Pro.local" ignored="0" name="Hotels Sanity Tests" tests="4" failures="0" timestamp="2020-10-21T11:08:27 EDT" time="24.162" errors="0">
  <testcase name="verifyPageTitle" time="0.15" classname="com.qa.hotels.tests.HomePageTest"/>
  <testcase name="selectDestination" time="2.925" classname="com.qa.hotels.tests.HomePageTest"/>
  <testcase name="verifyPageTitle" time="0.008" classname="com.qa.hotels.tests.HiltonHotelsInCincinnatiTest"/>
  <testcase name="distance" time="4.739" classname="com.qa.hotels.tests.HiltonHotelsInCincinnatiTest"/>
</testsuite> <!-- Hotels Sanity Tests -->
